# JRE version: Java(TM) SE Runtime Environment (8.0_181-b13) (build 1.8.0_181-b13)
# Java VM: Java HotSpot(TM) 64-Bit Server VM (25.181-b13 mixed mode linux-amd64 compressed oops)
Heap:
 garbage-first heap   total 262144K, used 175621K [0x00000000c0000000, 0x00000000c0100800, 0x0000000100000000)
  region size 1024K, 70 young (71680K), 10 survivors (10240K)
 Metaspace       used 128002K, capacity 139326K, committed 139500K, reserved 1169408K
  class space    used 15620K, capacity 18948K, committed 18968K, reserved 1048576K
GC Heap History (10 events):
Event: 298.469 GC heap before
{Heap before GC invocations=28 (full 0):
 garbage-first heap   total 262144K, used 221216K [0x00000000c0000000, 0x00000000c0100800, 0x0000000100000000)
  region size 1024K, 117 young (119808K), 12 survivors (12288K)
 Metaspace       used 124951K, capacity 135998K, committed 136300K, reserved 1167360K
  class space    used 15306K, capacity 18579K, committed 18584K, reserved 1048576K
Event: 298.487 GC heap after
Heap after GC invocations=29 (full 0):
 garbage-first heap   total 262144K, used 112133K [0x00000000c0000000, 0x00000000c0100800, 0x0000000100000000)
  region size 1024K, 7 young (7168K), 7 survivors (7168K)
 Metaspace       used 124951K, capacity 135998K, committed 136300K, reserved 1167360K
  class space    used 15306K, capacity 18579K, committed 18584K, reserved 1048576K
}
Event: 312.291 GC heap before
{Heap before GC invocations=29 (full 0):
 garbage-first heap   total 262144K, used 226821K [0x00000000c0000000, 0x00000000c0100800, 0x0000000100000000)
  region size 1024K, 119 young (121856K), 7 survivors (7168K)
 Metaspace       used 125248K, capacity 136222K, committed 136428K, reserved 1167360K
  class space    used 15317K, capacity 18611K, committed 18712K, reserved 1048576K
Event: 312.312 GC heap after
Heap after GC invocations=30 (full 0):
 garbage-first heap   total 262144K, used 114181K [0x00000000c0000000, 0x00000000c0100800, 0x0000000100000000)
  region size 1024K, 9 young (9216K), 9 survivors (9216K)
 Metaspace       used 125248K, capacity 136222K, committed 136428K, reserved 1167360K
  class space    used 15317K, capacity 18611K, committed 18712K, reserved 1048576K
}
Event: 316.365 GC heap before
{Heap before GC invocations=30 (full 0):
 garbage-first heap   total 262144K, used 224773K [0x00000000c0000000, 0x00000000c0100800, 0x0000000100000000)
  region size 1024K, 117 young (119808K), 9 survivors (9216K)
 Metaspace       used 126599K, capacity 137676K, committed 137836K, reserved 1169408K
  class space    used 15482K, capacity 18796K, committed 18840K, reserved 1048576K
Event: 316.380 GC heap after
Heap after GC invocations=31 (full 0):
 garbage-first heap   total 262144K, used 114693K [0x00000000c0000000, 0x00000000c0100800, 0x0000000100000000)
  region size 1024K, 10 young (10240K), 10 survivors (10240K)
 Metaspace       used 126599K, capacity 137676K, committed 137836K, reserved 1169408K
  class space    used 15482K, capacity 18796K, committed 18840K, reserved 1048576K
}
Event: 330.596 GC heap before
{Heap before GC invocations=31 (full 0):
 garbage-first heap   total 262144K, used 223237K [0x00000000c0000000, 0x00000000c0100800, 0x0000000100000000)
  region size 1024K, 116 young (118784K), 10 survivors (10240K)
 Metaspace       used 126841K, capacity 137804K, committed 138092K, reserved 1169408K
  class space    used 15506K, capacity 18796K, committed 18840K, reserved 1048576K
Event: 330.627 GC heap after
Heap after GC invocations=32 (full 0):
 garbage-first heap   total 262144K, used 114181K [0x00000000c0000000, 0x00000000c0100800, 0x0000000100000000)
  region size 1024K, 9 young (9216K), 9 survivors (9216K)
 Metaspace       used 126841K, capacity 137804K, committed 138092K, reserved 1169408K
  class space    used 15506K, capacity 18796K, committed 18840K, reserved 1048576K
}
Event: 345.087 GC heap before
{Heap before GC invocations=32 (full 0):
 garbage-first heap   total 262144K, used 224773K [0x00000000c0000000, 0x00000000c0100800, 0x0000000100000000)
  region size 1024K, 117 young (119808K), 9 survivors (9216K)
 Metaspace       used 127007K, capacity 137804K, committed 138092K, reserved 1169408K
  class space    used 15506K, capacity 18796K, committed 18840K, reserved 1048576K
Event: 345.123 GC heap after
Heap after GC invocations=33 (full 0):
 garbage-first heap   total 262144K, used 115205K [0x00000000c0000000, 0x00000000c0100800, 0x0000000100000000)
  region size 1024K, 10 young (10240K), 10 survivors (10240K)
 Metaspace       used 127007K, capacity 137804K, committed 138092K, reserved 1169408K
  class space    used 15506K, capacity 18796K, committed 18840K, reserved 1048576K
}

